<?xml version="1.0" encoding="UTF-8"?>
<!-- Generated by org.testng.reporters.JUnitXMLReporter -->
<testsuite hostname="LAPTOP-D487ETE2" ignored="2" name="Default test" tests="1" failures="0" timestamp="2022-09-01T21:48:03 IST" time="2.584" errors="0">
  <testcase name="t1" time="0.015" classname="E_Commerce.MyStore.HomePageTest"/>
  <testcase name="verifySignInMenu" time="0.0" classname="E_Commerce.MyStore.HomePageTest">
    <ignored/>
  </testcase> <!-- verifySignInMenu -->
  <testcase name="verifyHomePageMenuTest" time="0.0" classname="E_Commerce.MyStore.HomePageTest">
    <ignored/>
  </testcase> <!-- verifyHomePageMenuTest -->
</testsuite> <!-- Default test -->
